2023-04-28 10:03:25,264 [Worker-6: Loading available Gradle versions] INFO  o.e.b.c.i.u.g.PublishedGradleVersions - Gradle version information cache is out-of-date. Trying to update.
2023-04-28 11:02:27,880 [Worker-20: Maven プロジェクトのインポート中] INFO  o.e.m.c.i.l.LifecycleMappingFactory - Using org.maven.ide.eclipse.wtp.WarLifecycleMapping lifecycle mapping for MavenProject: com.example.todo:todo:1.0.0-SNAPSHOT @ C:\Develop\Pleiades\Pleiades2021\workspaces\todoRESTful\todo\pom.xml.
2023-04-28 11:02:34,571 [Worker-20: Maven プロジェクトのインポート中] INFO  o.e.m.j.i.AbstractJavaProjectConfigurator - Adding source folder /todo/src/main/java
2023-04-28 11:02:34,571 [Worker-20: Maven プロジェクトのインポート中] INFO  o.e.m.j.i.AbstractJavaProjectConfigurator - Adding resource folder /todo/src/main/resources
2023-04-28 11:02:34,572 [Worker-20: Maven プロジェクトのインポート中] INFO  o.e.m.j.i.AbstractJavaProjectConfigurator - Adding source folder /todo/src/test/java
2023-04-28 11:02:34,572 [Worker-20: Maven プロジェクトのインポート中] INFO  o.e.m.j.i.AbstractJavaProjectConfigurator - Adding resource folder /todo/src/test/resources
2023-04-28 11:02:35,337 [Worker-20: Maven プロジェクトのインポート中] INFO  o.e.m.c.i.p.ProjectConfigurationManager - Imported and configured 1 project(s) in 12 sec
2023-04-28 11:02:35,829 [Worker-25: Maven プロジェクトの更新中] INFO  o.e.m.c.i.p.ProjectConfigurationManager - Update started
2023-04-28 11:02:36,029 [Worker-25: Maven プロジェクトの更新中] INFO  o.e.m.c.i.l.LifecycleMappingFactory - Using org.maven.ide.eclipse.wtp.WarLifecycleMapping lifecycle mapping for MavenProject: com.example.todo:todo:1.0.0-SNAPSHOT @ C:\Develop\Pleiades\Pleiades2021\workspaces\todoRESTful\todo\pom.xml.
2023-04-28 11:02:36,612 [Worker-25: Maven プロジェクトの更新中] INFO  o.e.m.j.i.AbstractJavaProjectConfigurator - Adding source folder /todo/src/main/java
2023-04-28 11:02:36,613 [Worker-25: Maven プロジェクトの更新中] INFO  o.e.m.j.i.AbstractJavaProjectConfigurator - Adding resource folder /todo/src/main/resources
2023-04-28 11:02:36,613 [Worker-25: Maven プロジェクトの更新中] INFO  o.e.m.j.i.AbstractJavaProjectConfigurator - Adding source folder /todo/src/test/java
2023-04-28 11:02:36,613 [Worker-25: Maven プロジェクトの更新中] INFO  o.e.m.j.i.AbstractJavaProjectConfigurator - Adding resource folder /todo/src/test/resources
2023-04-28 11:02:36,960 [Worker-25: Maven プロジェクトの更新中] INFO  o.e.m.w.i.f.ResourceFilteringBuildParticipant - Cleaning filtered folder for todo
2023-04-28 11:02:36,964 [Worker-25: Maven プロジェクトの更新中] INFO  o.e.m.c.i.p.ProjectConfigurationManager - Update completed: 1 sec
2023-04-28 11:02:37,456 [Worker-26: ビルド] INFO  o.e.m.c.i.embedder.EclipseLogger - Using 'UTF-8' encoding to copy filtered resources.
2023-04-28 11:02:37,457 [Worker-26: ビルド] INFO  o.e.m.c.i.embedder.EclipseLogger - Using 'UTF-8' encoding to copy filtered properties files.
2023-04-28 11:02:37,465 [Worker-26: ビルド] INFO  o.e.m.c.i.embedder.EclipseLogger - Copying 17 resources
2023-04-28 11:02:37,592 [Worker-26: ビルド] INFO  o.e.m.c.i.embedder.EclipseLogger - Using 'UTF-8' encoding to copy filtered resources.
2023-04-28 11:02:37,593 [Worker-26: ビルド] INFO  o.e.m.c.i.embedder.EclipseLogger - Using 'UTF-8' encoding to copy filtered properties files.
2023-04-28 11:02:37,593 [Worker-26: ビルド] INFO  o.e.m.c.i.embedder.EclipseLogger - Copying 1 resource
2023-04-28 11:02:37,596 [Worker-26: ビルド] INFO  o.e.m.w.i.f.ResourceFilteringBuildParticipant - Changed resources require a complete clean of filtered resources of todo
2023-04-28 11:02:37,596 [Worker-26: ビルド] INFO  o.e.m.w.i.f.ResourceFilteringBuildParticipant - Executing resource filtering for todo
2023-04-28 11:02:37,602 [Worker-26: ビルド] INFO  o.e.m.c.i.embedder.EclipseLogger - Using 'UTF-8' encoding to copy filtered resources.
2023-04-28 11:02:37,602 [Worker-26: ビルド] INFO  o.e.m.c.i.embedder.EclipseLogger - Using 'UTF-8' encoding to copy filtered properties files.
2023-04-28 11:03:07,260 [Worker-28: ビルド] INFO  o.e.m.c.i.embedder.EclipseLogger - Using 'UTF-8' encoding to copy filtered resources.
2023-04-28 11:03:07,260 [Worker-28: ビルド] INFO  o.e.m.c.i.embedder.EclipseLogger - Using 'UTF-8' encoding to copy filtered properties files.
2023-04-28 11:03:07,268 [Worker-28: ビルド] INFO  o.e.m.c.i.embedder.EclipseLogger - Copying 17 resources
2023-04-28 11:03:07,272 [Worker-28: ビルド] INFO  o.e.m.c.i.embedder.EclipseLogger - Using 'UTF-8' encoding to copy filtered resources.
2023-04-28 11:03:07,272 [Worker-28: ビルド] INFO  o.e.m.c.i.embedder.EclipseLogger - Using 'UTF-8' encoding to copy filtered properties files.
2023-04-28 11:03:07,272 [Worker-28: ビルド] INFO  o.e.m.c.i.embedder.EclipseLogger - Copying 0 resource
2023-04-28 11:03:33,865 [Worker-26: ビルド] INFO  o.e.m.c.i.embedder.EclipseLogger - Using 'UTF-8' encoding to copy filtered resources.
2023-04-28 11:03:33,865 [Worker-26: ビルド] INFO  o.e.m.c.i.embedder.EclipseLogger - Using 'UTF-8' encoding to copy filtered properties files.
2023-04-28 11:03:33,865 [Worker-26: ビルド] INFO  o.e.m.c.i.embedder.EclipseLogger - Copying 0 resource
2023-04-28 11:03:33,866 [Worker-26: ビルド] INFO  o.e.m.c.i.embedder.EclipseLogger - Using 'UTF-8' encoding to copy filtered resources.
2023-04-28 11:03:33,866 [Worker-26: ビルド] INFO  o.e.m.c.i.embedder.EclipseLogger - Using 'UTF-8' encoding to copy filtered properties files.
2023-04-28 11:03:33,866 [Worker-26: ビルド] INFO  o.e.m.c.i.embedder.EclipseLogger - Copying 0 resource
2023-04-28 11:19:58,598 [Worker-41: ビルド] INFO  o.e.m.c.i.embedder.EclipseLogger - Using 'UTF-8' encoding to copy filtered resources.
2023-04-28 11:19:58,598 [Worker-41: ビルド] INFO  o.e.m.c.i.embedder.EclipseLogger - Using 'UTF-8' encoding to copy filtered properties files.
2023-04-28 11:19:58,598 [Worker-41: ビルド] INFO  o.e.m.c.i.embedder.EclipseLogger - Copying 0 resource
2023-04-28 11:19:58,599 [Worker-41: ビルド] INFO  o.e.m.c.i.embedder.EclipseLogger - Using 'UTF-8' encoding to copy filtered resources.
2023-04-28 11:19:58,599 [Worker-41: ビルド] INFO  o.e.m.c.i.embedder.EclipseLogger - Using 'UTF-8' encoding to copy filtered properties files.
2023-04-28 11:19:58,599 [Worker-41: ビルド] INFO  o.e.m.c.i.embedder.EclipseLogger - Copying 0 resource
2023-04-28 11:20:36,826 [Worker-44: ビルド] INFO  o.e.m.c.i.embedder.EclipseLogger - Using 'UTF-8' encoding to copy filtered resources.
2023-04-28 11:20:36,826 [Worker-44: ビルド] INFO  o.e.m.c.i.embedder.EclipseLogger - Using 'UTF-8' encoding to copy filtered properties files.
2023-04-28 11:20:36,827 [Worker-44: ビルド] INFO  o.e.m.c.i.embedder.EclipseLogger - Copying 0 resource
2023-04-28 11:20:36,827 [Worker-44: ビルド] INFO  o.e.m.c.i.embedder.EclipseLogger - Using 'UTF-8' encoding to copy filtered resources.
2023-04-28 11:20:36,827 [Worker-44: ビルド] INFO  o.e.m.c.i.embedder.EclipseLogger - Using 'UTF-8' encoding to copy filtered properties files.
2023-04-28 11:20:36,827 [Worker-44: ビルド] INFO  o.e.m.c.i.embedder.EclipseLogger - Copying 0 resource
2023-04-28 11:23:56,716 [Worker-44: ビルド] INFO  o.e.m.c.i.embedder.EclipseLogger - Using 'UTF-8' encoding to copy filtered resources.
2023-04-28 11:23:56,716 [Worker-44: ビルド] INFO  o.e.m.c.i.embedder.EclipseLogger - Using 'UTF-8' encoding to copy filtered properties files.
2023-04-28 11:23:56,725 [Worker-44: ビルド] INFO  o.e.m.c.i.embedder.EclipseLogger - Copying 1 resource
2023-04-28 11:23:56,728 [Worker-44: ビルド] INFO  o.e.m.c.i.embedder.EclipseLogger - Using 'UTF-8' encoding to copy filtered resources.
2023-04-28 11:23:56,728 [Worker-44: ビルド] INFO  o.e.m.c.i.embedder.EclipseLogger - Using 'UTF-8' encoding to copy filtered properties files.
2023-04-28 11:23:56,729 [Worker-44: ビルド] INFO  o.e.m.c.i.embedder.EclipseLogger - Copying 0 resource
2023-04-28 11:24:11,174 [Worker-51: ビルド] INFO  o.e.m.c.i.embedder.EclipseLogger - Using 'UTF-8' encoding to copy filtered resources.
2023-04-28 11:24:11,174 [Worker-51: ビルド] INFO  o.e.m.c.i.embedder.EclipseLogger - Using 'UTF-8' encoding to copy filtered properties files.
2023-04-28 11:24:11,174 [Worker-51: ビルド] INFO  o.e.m.c.i.embedder.EclipseLogger - Copying 1 resource
2023-04-28 11:24:11,178 [Worker-51: ビルド] INFO  o.e.m.c.i.embedder.EclipseLogger - Using 'UTF-8' encoding to copy filtered resources.
2023-04-28 11:24:11,178 [Worker-51: ビルド] INFO  o.e.m.c.i.embedder.EclipseLogger - Using 'UTF-8' encoding to copy filtered properties files.
2023-04-28 11:24:11,178 [Worker-51: ビルド] INFO  o.e.m.c.i.embedder.EclipseLogger - Copying 0 resource
2023-04-28 11:34:13,227 [Worker-57: ビルド] INFO  o.e.m.c.i.embedder.EclipseLogger - Using 'UTF-8' encoding to copy filtered resources.
2023-04-28 11:34:13,228 [Worker-57: ビルド] INFO  o.e.m.c.i.embedder.EclipseLogger - Using 'UTF-8' encoding to copy filtered properties files.
2023-04-28 11:34:13,228 [Worker-57: ビルド] INFO  o.e.m.c.i.embedder.EclipseLogger - Copying 1 resource
2023-04-28 11:34:13,230 [Worker-57: ビルド] INFO  o.e.m.c.i.embedder.EclipseLogger - Using 'UTF-8' encoding to copy filtered resources.
2023-04-28 11:34:13,231 [Worker-57: ビルド] INFO  o.e.m.c.i.embedder.EclipseLogger - Using 'UTF-8' encoding to copy filtered properties files.
2023-04-28 11:34:13,231 [Worker-57: ビルド] INFO  o.e.m.c.i.embedder.EclipseLogger - Copying 0 resource
2023-04-28 11:35:09,608 [Worker-54: ビルド] INFO  o.e.m.c.i.embedder.EclipseLogger - Using 'UTF-8' encoding to copy filtered resources.
2023-04-28 11:35:09,608 [Worker-54: ビルド] INFO  o.e.m.c.i.embedder.EclipseLogger - Using 'UTF-8' encoding to copy filtered properties files.
2023-04-28 11:35:09,609 [Worker-54: ビルド] INFO  o.e.m.c.i.embedder.EclipseLogger - Copying 1 resource
2023-04-28 11:35:09,611 [Worker-54: ビルド] INFO  o.e.m.c.i.embedder.EclipseLogger - Using 'UTF-8' encoding to copy filtered resources.
2023-04-28 11:35:09,611 [Worker-54: ビルド] INFO  o.e.m.c.i.embedder.EclipseLogger - Using 'UTF-8' encoding to copy filtered properties files.
2023-04-28 11:35:09,612 [Worker-54: ビルド] INFO  o.e.m.c.i.embedder.EclipseLogger - Copying 0 resource
2023-04-28 11:41:33,050 [Worker-57: ビルド] INFO  o.e.m.c.i.embedder.EclipseLogger - Using 'UTF-8' encoding to copy filtered resources.
2023-04-28 11:41:33,050 [Worker-57: ビルド] INFO  o.e.m.c.i.embedder.EclipseLogger - Using 'UTF-8' encoding to copy filtered properties files.
2023-04-28 11:41:33,052 [Worker-57: ビルド] INFO  o.e.m.c.i.embedder.EclipseLogger - Copying 18 resources
2023-04-28 11:41:33,056 [Worker-57: ビルド] INFO  o.e.m.c.i.embedder.EclipseLogger - Using 'UTF-8' encoding to copy filtered resources.
2023-04-28 11:41:33,056 [Worker-57: ビルド] INFO  o.e.m.c.i.embedder.EclipseLogger - Using 'UTF-8' encoding to copy filtered properties files.
2023-04-28 11:41:33,056 [Worker-57: ビルド] INFO  o.e.m.c.i.embedder.EclipseLogger - Copying 0 resource
2023-04-28 11:41:46,891 [Worker-59: ビルド] INFO  o.e.m.c.i.embedder.EclipseLogger - Using 'UTF-8' encoding to copy filtered resources.
2023-04-28 11:41:46,892 [Worker-59: ビルド] INFO  o.e.m.c.i.embedder.EclipseLogger - Using 'UTF-8' encoding to copy filtered properties files.
2023-04-28 11:41:46,894 [Worker-59: ビルド] INFO  o.e.m.c.i.embedder.EclipseLogger - Copying 18 resources
2023-04-28 11:41:46,899 [Worker-59: ビルド] INFO  o.e.m.c.i.embedder.EclipseLogger - Using 'UTF-8' encoding to copy filtered resources.
2023-04-28 11:41:46,899 [Worker-59: ビルド] INFO  o.e.m.c.i.embedder.EclipseLogger - Using 'UTF-8' encoding to copy filtered properties files.
2023-04-28 11:41:46,899 [Worker-59: ビルド] INFO  o.e.m.c.i.embedder.EclipseLogger - Copying 0 resource
2023-04-28 13:07:05,136 [Worker-70: ビルド] INFO  o.e.m.c.i.embedder.EclipseLogger - Using 'UTF-8' encoding to copy filtered resources.
2023-04-28 13:07:05,136 [Worker-70: ビルド] INFO  o.e.m.c.i.embedder.EclipseLogger - Using 'UTF-8' encoding to copy filtered properties files.
2023-04-28 13:07:05,138 [Worker-70: ビルド] INFO  o.e.m.c.i.embedder.EclipseLogger - Copying 18 resources
2023-04-28 13:07:05,141 [Worker-70: ビルド] INFO  o.e.m.c.i.embedder.EclipseLogger - Using 'UTF-8' encoding to copy filtered resources.
2023-04-28 13:07:05,141 [Worker-70: ビルド] INFO  o.e.m.c.i.embedder.EclipseLogger - Using 'UTF-8' encoding to copy filtered properties files.
2023-04-28 13:07:05,141 [Worker-70: ビルド] INFO  o.e.m.c.i.embedder.EclipseLogger - Copying 0 resource
2023-04-28 13:07:16,470 [Worker-72: ビルド] INFO  o.e.m.c.i.embedder.EclipseLogger - Using 'UTF-8' encoding to copy filtered resources.
2023-04-28 13:07:16,470 [Worker-72: ビルド] INFO  o.e.m.c.i.embedder.EclipseLogger - Using 'UTF-8' encoding to copy filtered properties files.
2023-04-28 13:07:16,472 [Worker-72: ビルド] INFO  o.e.m.c.i.embedder.EclipseLogger - Copying 18 resources
2023-04-28 13:07:16,475 [Worker-72: ビルド] INFO  o.e.m.c.i.embedder.EclipseLogger - Using 'UTF-8' encoding to copy filtered resources.
2023-04-28 13:07:16,475 [Worker-72: ビルド] INFO  o.e.m.c.i.embedder.EclipseLogger - Using 'UTF-8' encoding to copy filtered properties files.
2023-04-28 13:07:16,475 [Worker-72: ビルド] INFO  o.e.m.c.i.embedder.EclipseLogger - Copying 0 resource
2023-04-28 13:08:34,940 [Worker-72: ビルド] INFO  o.e.m.c.i.embedder.EclipseLogger - Using 'UTF-8' encoding to copy filtered resources.
2023-04-28 13:08:34,940 [Worker-72: ビルド] INFO  o.e.m.c.i.embedder.EclipseLogger - Using 'UTF-8' encoding to copy filtered properties files.
2023-04-28 13:08:34,942 [Worker-72: ビルド] INFO  o.e.m.c.i.embedder.EclipseLogger - Copying 18 resources
2023-04-28 13:08:34,945 [Worker-72: ビルド] INFO  o.e.m.c.i.embedder.EclipseLogger - Using 'UTF-8' encoding to copy filtered resources.
2023-04-28 13:08:34,945 [Worker-72: ビルド] INFO  o.e.m.c.i.embedder.EclipseLogger - Using 'UTF-8' encoding to copy filtered properties files.
2023-04-28 13:08:34,945 [Worker-72: ビルド] INFO  o.e.m.c.i.embedder.EclipseLogger - Copying 0 resource
2023-04-28 13:16:09,650 [Worker-6: Loading available Gradle versions] INFO  o.e.b.c.i.u.g.PublishedGradleVersions - Gradle version information cache is up-to-date. Trying to read.
2023-04-28 13:16:15,793 [Worker-8: ビルド] INFO  o.e.m.c.i.embedder.EclipseLogger - Using 'UTF-8' encoding to copy filtered resources.
2023-04-28 13:16:15,794 [Worker-8: ビルド] INFO  o.e.m.c.i.embedder.EclipseLogger - Using 'UTF-8' encoding to copy filtered properties files.
2023-04-28 13:16:15,798 [Worker-8: ビルド] INFO  o.e.m.c.i.embedder.EclipseLogger - Copying 18 resources
2023-04-28 13:16:15,845 [Worker-8: ビルド] INFO  o.e.m.c.i.embedder.EclipseLogger - Using 'UTF-8' encoding to copy filtered resources.
2023-04-28 13:16:15,845 [Worker-8: ビルド] INFO  o.e.m.c.i.embedder.EclipseLogger - Using 'UTF-8' encoding to copy filtered properties files.
2023-04-28 13:16:15,845 [Worker-8: ビルド] INFO  o.e.m.c.i.embedder.EclipseLogger - Copying 1 resource
2023-04-28 13:21:18,579 [Worker-1: Maven プロジェクトの更新中] INFO  o.e.m.c.i.p.ProjectConfigurationManager - Update started
2023-04-28 13:21:19,537 [Worker-1: Maven プロジェクトの更新中] INFO  o.e.m.c.i.l.LifecycleMappingFactory - Using org.maven.ide.eclipse.wtp.WarLifecycleMapping lifecycle mapping for MavenProject: com.example.todo:todo:1.0.0-SNAPSHOT @ C:\Develop\Pleiades\Pleiades2021\workspaces\todoRESTful\todo\pom.xml.
2023-04-28 13:21:20,240 [Worker-1: Maven プロジェクトの更新中] INFO  o.e.m.j.i.AbstractJavaProjectConfigurator - Adding source folder /todo/src/main/java
2023-04-28 13:21:20,240 [Worker-1: Maven プロジェクトの更新中] INFO  o.e.m.j.i.AbstractJavaProjectConfigurator - Adding resource folder /todo/src/main/resources
2023-04-28 13:21:20,241 [Worker-1: Maven プロジェクトの更新中] INFO  o.e.m.j.i.AbstractJavaProjectConfigurator - Adding source folder /todo/src/test/java
2023-04-28 13:21:20,241 [Worker-1: Maven プロジェクトの更新中] INFO  o.e.m.j.i.AbstractJavaProjectConfigurator - Adding resource folder /todo/src/test/resources
2023-04-28 13:21:20,866 [Worker-1: Maven プロジェクトの更新中] INFO  o.e.m.w.i.f.ResourceFilteringBuildParticipant - Cleaning filtered folder for todo
2023-04-28 13:21:20,871 [Worker-1: Maven プロジェクトの更新中] INFO  o.e.m.c.i.p.ProjectConfigurationManager - Update completed: 2 sec
2023-04-28 13:21:21,273 [Worker-3: ビルド] INFO  o.e.m.c.i.embedder.EclipseLogger - Using 'UTF-8' encoding to copy filtered resources.
2023-04-28 13:21:21,273 [Worker-3: ビルド] INFO  o.e.m.c.i.embedder.EclipseLogger - Using 'UTF-8' encoding to copy filtered properties files.
2023-04-28 13:21:21,273 [Worker-3: ビルド] INFO  o.e.m.c.i.embedder.EclipseLogger - Copying 18 resources
2023-04-28 13:21:21,302 [Worker-3: ビルド] INFO  o.e.m.c.i.embedder.EclipseLogger - Using 'UTF-8' encoding to copy filtered resources.
2023-04-28 13:21:21,302 [Worker-3: ビルド] INFO  o.e.m.c.i.embedder.EclipseLogger - Using 'UTF-8' encoding to copy filtered properties files.
2023-04-28 13:21:21,303 [Worker-3: ビルド] INFO  o.e.m.c.i.embedder.EclipseLogger - Copying 1 resource
2023-04-28 13:21:21,304 [Worker-3: ビルド] INFO  o.e.m.w.i.f.ResourceFilteringBuildParticipant - Changed resources require a complete clean of filtered resources of todo
2023-04-28 13:21:21,305 [Worker-3: ビルド] INFO  o.e.m.w.i.f.ResourceFilteringBuildParticipant - Executing resource filtering for todo
2023-04-28 13:21:21,309 [Worker-3: ビルド] INFO  o.e.m.c.i.embedder.EclipseLogger - Using 'UTF-8' encoding to copy filtered resources.
2023-04-28 13:21:21,309 [Worker-3: ビルド] INFO  o.e.m.c.i.embedder.EclipseLogger - Using 'UTF-8' encoding to copy filtered properties files.
